[debug] [2020-02-28T02:44:27.584Z] ----------------------------------------------------------------------
[debug] [2020-02-28T02:44:27.586Z] Command:       /home/jpetra/.nvm/versions/node/v12.11.0/bin/node /home/jpetra/.nvm/versions/node/v12.11.0/bin/firebase init
[debug] [2020-02-28T02:44:27.587Z] CLI Version:   7.13.0
[debug] [2020-02-28T02:44:27.587Z] Platform:      linux
[debug] [2020-02-28T02:44:27.587Z] Node Version:  v12.11.0
[debug] [2020-02-28T02:44:27.587Z] Time:          Fri Feb 28 2020 09:44:27 GMT+0700 (Western Indonesia Time)
[debug] [2020-02-28T02:44:27.587Z] ----------------------------------------------------------------------
[debug] [2020-02-28T02:44:27.587Z] 
[debug] [2020-02-28T02:44:27.593Z] > command requires scopes: ["email","openid","https://www.googleapis.com/auth/cloudplatformprojects.readonly","https://www.googleapis.com/auth/firebase","https://www.googleapis.com/auth/cloud-platform"]
[debug] [2020-02-28T02:44:27.594Z] > authorizing via signed-in user
[info] 
     ######## #### ########  ######## ########     ###     ######  ########
     ##        ##  ##     ## ##       ##     ##  ##   ##  ##       ##
     ######    ##  ########  ######   ########  #########  ######  ######
     ##        ##  ##    ##  ##       ##     ## ##     ##       ## ##
     ##       #### ##     ## ######## ########  ##     ##  ######  ########

You're about to initialize a Firebase project in this directory:

  /home/jpetra/Documents/phase2_2/Week3/e-commerce-1/client

[info] 
=== Project Setup
[info] 
[info] First, let's associate this project directory with a Firebase project.
[info] You can create multiple project aliases by running firebase use --add, 
[info] but for now we'll just set up a default project.
[info] 
[info] i  If you want to create a project in a Google Cloud organization or folder, please use "firebase projects:create" instead, and return to this command when you've created the project.
[debug] [2020-02-28T02:44:59.611Z] >>> HTTP REQUEST POST https://cloudresourcemanager.googleapis.com/v1/projects  

[debug] [2020-02-28T02:45:01.839Z] <<< HTTP RESPONSE 200
[debug] [2020-02-28T02:45:01.846Z] >>> HTTP REQUEST GET https://cloudresourcemanager.googleapis.com/v1/operations/cp.7507277251252897039  
 
[debug] [2020-02-28T02:45:03.471Z] <<< HTTP RESPONSE 200
[debug] [2020-02-28T02:45:03.975Z] [Project Creation Poller] Retrying task index 0
[debug] [2020-02-28T02:45:03.976Z] >>> HTTP REQUEST GET https://cloudresourcemanager.googleapis.com/v1/operations/cp.7507277251252897039  
 
[debug] [2020-02-28T02:45:05.621Z] <<< HTTP RESPONSE 200
[debug] [2020-02-28T02:45:05.625Z] >>> HTTP REQUEST POST https://firebase.googleapis.com/v1beta1/projects/ecommerce-jovi:addFirebase  
 
[debug] [2020-02-28T02:45:08.589Z] <<< HTTP RESPONSE 200
[debug] [2020-02-28T02:45:08.591Z] >>> HTTP REQUEST GET https://firebase.googleapis.com/v1beta1/operations/workflows/YmNmOWMwMDMtZDNiNi00YjhkLThjYzUtY2YyMzk5NzM0ZGUy  
 
[debug] [2020-02-28T02:45:09.613Z] <<< HTTP RESPONSE 200
[debug] [2020-02-28T02:45:10.116Z] [Add Firebase Poller] Retrying task index 0
[debug] [2020-02-28T02:45:10.117Z] >>> HTTP REQUEST GET https://firebase.googleapis.com/v1beta1/operations/workflows/YmNmOWMwMDMtZDNiNi00YjhkLThjYzUtY2YyMzk5NzM0ZGUy  
 
[debug] [2020-02-28T02:45:11.171Z] <<< HTTP RESPONSE 200
[debug] [2020-02-28T02:45:12.173Z] [Add Firebase Poller] Retrying task index 0
[debug] [2020-02-28T02:45:12.174Z] >>> HTTP REQUEST GET https://firebase.googleapis.com/v1beta1/operations/workflows/YmNmOWMwMDMtZDNiNi00YjhkLThjYzUtY2YyMzk5NzM0ZGUy  
 
[debug] [2020-02-28T02:45:13.095Z] <<< HTTP RESPONSE 200
[debug] [2020-02-28T02:45:15.097Z] [Add Firebase Poller] Retrying task index 0
[debug] [2020-02-28T02:45:15.098Z] >>> HTTP REQUEST GET https://firebase.googleapis.com/v1beta1/operations/workflows/YmNmOWMwMDMtZDNiNi00YjhkLThjYzUtY2YyMzk5NzM0ZGUy  
 
[debug] [2020-02-28T02:45:16.167Z] <<< HTTP RESPONSE 200
[debug] [2020-02-28T02:45:20.169Z] [Add Firebase Poller] Retrying task index 0
[debug] [2020-02-28T02:45:20.170Z] >>> HTTP REQUEST GET https://firebase.googleapis.com/v1beta1/operations/workflows/YmNmOWMwMDMtZDNiNi00YjhkLThjYzUtY2YyMzk5NzM0ZGUy  
 
[debug] [2020-02-28T02:45:21.185Z] <<< HTTP RESPONSE 200
[info] 
[info] 🎉🎉🎉 Your Firebase project is ready! 🎉🎉🎉
[info] 
[info] Project information:
[info]    - Project ID: ecommerce-jovi
[info]    - Project Name: ecommerce-jovi
[info] 
[info] Firebase console is available at
[info] https://console.firebase.google.com/project/ecommerce-jovi/overview
[info] i  Using project ecommerce-jovi (ecommerce-jovi)
[info] 
=== Hosting Setup
[info] 
[info] Your public directory is the folder (relative to your project directory) that
[info] will contain Hosting assets to be uploaded with firebase deploy. If you
[info] have a build process for your assets, use your build's output directory.
[info] 
